<?xml version="1.0" encoding="UTF-8"?>
<!-- Generated by org.testng.reporters.JUnitReportReporter -->
<testsuite hostname="LAPTOP-T6HK3KUO" failures="0" tests="1" name="automationFramework.DataDrivenTest" time="2.649" errors="0" timestamp="3 Dec 2021 21:27:04 GMT">
  <testcase classname="automationFramework.DataDrivenTest" name="ReadData" time="2.649"/>
</testsuite> <!-- automationFramework.DataDrivenTest -->
